#
# A fatal error has been detected by the Java Runtime Environment:
#
#  EXCEPTION_ACCESS_VIOLATION (0xc0000005) at pc=0x64944283, pid=6728, tid=0x00001ed8
#
# JRE version: Java(TM) SE Runtime Environment (8.0_121-b13) (build 1.8.0_121-b13)
# Java VM: Java HotSpot(TM) Client VM (25.121-b13 mixed mode windows-x86 )
# Problematic frame:
# C  [libwinpthread-1.dll+0x4283]
#
# Failed to write core dump. Minidumps are not enabled by default on client versions of Windows
#
# If you would like to submit a bug report, please visit:
#   http://bugreport.java.com/bugreport/crash.jsp
#

---------------  T H R E A D  ---------------

Current thread (0x23629800):  VMThread [stack: 0x23810000,0x23a10000] [id=7896]

siginfo: ExceptionCode=0xc0000005, reading address 0x00000034

Registers:
EAX=0x00000016, EBX=0x00000034, ECX=0x00000001, EDX=0x6494a018
ESP=0x23a0fa34, EBP=0x23a0fa4c, ESI=0x00000034, EDI=0x0000046b
EIP=0x64944283, EFLAGS=0x00010202

Top of Stack: (sp=0x23a0fa34)
0x23a0fa34:   23a0fa44 773755ac 773926a1 23a0fac0
0x23a0fa44:   00309280 00000000 23a0fa7c 649454a3
0x23a0fa54:   00000034 29130010 23a0fa84 77354ec0
0x23a0fa64:   ffffffff 23a0fa80 23a0fa8c 23a0fac0
0x23a0fa74:   00309280 00000001 23a0fb3c 6ced0744
0x23a0fa84:   00000001 77354e2e 00040000 01bc0002
0x23a0fa94:   00000eab 00000000 00309280 6fcb389b
0x23a0faa4:   23a0fac0 00000000 01480000 25fbe118 

Instructions: (pc=0x64944283)
0x64944263:   94 64 31 c0 8d 65 f4 5b 5e 5f 5d c3 90 55 b8 16
0x64944273:   00 00 00 89 e5 53 83 ec 14 8b 5d 08 85 db 74 30
0x64944283:   8b 13 85 d2 74 2a 89 d8 e8 10 ff ff ff 85 c0 78
0x64944293:   1f 8b 1b 8d 43 08 89 04 24 ff 15 94 f1 94 64 83 


Register to memory mapping:

EAX=
[error occurred during error reporting (printing register info), id 0xc0000005]

Stack: [0x23810000,0x23a10000],  sp=0x23a0fa34,  free space=2046k
Native frames: (J=compiled Java code, j=interpreted, Vv=VM code, C=native code)
C  [libwinpthread-1.dll+0x4283]
C  [libwinpthread-1.dll+0x54a3]
C  [libgcc_s_sjlj-1.dll+0x10744]
C  [WinUtil.dll+0x139d]
C  [WinUtil.dll+0x1443]
C  [ntdll.dll+0x5df7a]
C  [ntdll.dll+0x5e015]
C  [kernel32.dll+0x5be67]
C  [MSVCR100.dll+0x27997]
C  [MSVCR100.dll+0x27ab0]
C  [MSVCR100.dll+0x27b1d]
V  [jvm.dll+0x159492]
V  [jvm.dll+0x1830ad]
V  [jvm.dll+0x182511]
V  [jvm.dll+0x182927]
V  [jvm.dll+0x182b22]
V  [jvm.dll+0x1c2ae6]
C  [MSVCR100.dll+0x5c556]
C  [MSVCR100.dll+0x5c600]
C  [kernel32.dll+0x4ef8c]
C  [ntdll.dll+0x6367a]
C  [ntdll.dll+0x6364d]

VM_Operation (0x0022e6d0): Exit, mode: safepoint, requested by thread 0x0148c000


---------------  P R O C E S S  ---------------

Java Threads: ( => current thread )
  0x25ec1400 JavaThread "Ruby-0-JIT-38" daemon [_thread_blocked, id=9780, stack(0x2bb60000,0x2bd60000)]
  0x25ebf000 JavaThread "JRubyWorker-4" daemon [_thread_blocked, id=3260, stack(0x26690000,0x26890000)]
  0x25ebe800 JavaThread "JRubyWorker-3" daemon [_thread_blocked, id=4988, stack(0x28e00000,0x29000000)]
  0x25ec0000 JavaThread "JRubyWorker-2" daemon [_thread_blocked, id=6864, stack(0x28a00000,0x28c00000)]
  0x25ebfc00 JavaThread "JRubyWorker-1" daemon [_thread_blocked, id=5984, stack(0x2a180000,0x2a380000)]
  0x25fa8800 JavaThread "ReferenceReaper" daemon [_thread_blocked, id=7812, stack(0x28700000,0x28900000)]
  0x2607a000 JavaThread "Java2D Disposer" daemon [_thread_blocked, id=4792, stack(0x27c60000,0x27e60000)]
  0x23687000 JavaThread "Service Thread" daemon [_thread_blocked, id=8084, stack(0x244d0000,0x246d0000)]
  0x23667400 JavaThread "C1 CompilerThread0" daemon [_thread_blocked, id=7772, stack(0x242d0000,0x244d0000)]
  0x23666400 JavaThread "Attach Listener" daemon [_thread_blocked, id=4328, stack(0x240d0000,0x242d0000)]
  0x2366b800 JavaThread "Signal Dispatcher" daemon [_thread_blocked, id=2456, stack(0x23ed0000,0x240d0000)]
  0x23655c00 JavaThread "Finalizer" daemon [_thread_blocked, id=3072, stack(0x23c10000,0x23e10000)]
  0x2362f400 JavaThread "Reference Handler" daemon [_thread_blocked, id=6292, stack(0x23a10000,0x23c10000)]
  0x0148c000 JavaThread "main" [_thread_blocked, id=6212, stack(0x00030000,0x00230000)]

Other Threads:
=>0x23629800 VMThread [stack: 0x23810000,0x23a10000] [id=7896]

VM state:at safepoint (shutting down)

VM Mutex/Monitor currently owned by a thread:  ([mutex/lock_event])
[0x0148a2c8] Threads_lock - owner thread: 0x23629800

Heap:
 def new generation   total 101376K, used 28470K [0x03c00000, 0x0a9f0000, 0x0e2a0000)
  eden space 90176K,  21% used [0x03c00000, 0x04f58908, 0x09410000)
  from space 11200K,  77% used [0x09f00000, 0x0a7750a0, 0x0a9f0000)
  to   space 11200K,   0% used [0x09410000, 0x09410000, 0x09f00000)
 tenured generation   total 225072K, used 223328K [0x0e2a0000, 0x1be6c000, 0x23000000)
   the space 225072K,  99% used [0x0e2a0000, 0x1bcb83a0, 0x1bcb8400, 0x1be6c000)
 Metaspace       used 32857K, capacity 38928K, committed 39040K, reserved 39296K

Card table byte_map: [0x23000000,0x23100000] byte_map_base: 0x22fe2000

Polling page: 0x013d0000

CodeCache: size=32768Kb used=3981Kb max_used=7690Kb free=28786Kb
 bounds [0x01b70000, 0x02330000, 0x03b70000]
 total_blobs=2081 nmethods=1749 adapters=260
 compilation: enabled

Compilation events (10 events):
Event: 11240.506 Thread 0x23667400 41728             java.util.Locale::getDefault (4 bytes)
Event: 11240.506 Thread 0x23667400 nmethod 41728 0x01c97bc8 code [0x01c97cc0, 0x01c97d40]
Event: 11240.519 Thread 0x23667400 41729             java.io.WinNTFileSystem::resolve (231 bytes)
Event: 11240.521 Thread 0x23667400 nmethod 41729 0x01e32ec8 code [0x01e33090, 0x01e33884]
Event: 11240.521 Thread 0x23667400 41730             java.io.File::<init> (113 bytes)
Event: 11240.521 Thread 0x23667400 nmethod 41730 0x01e325c8 code [0x01e32760, 0x01e32b24]
Event: 11240.522 Thread 0x23667400 41731             java.io.File::lastModified (33 bytes)
Event: 11240.522 Thread 0x23667400 nmethod 41731 0x01c3a8c8 code [0x01c3a9e0, 0x01c3aae4]
Event: 11240.522 Thread 0x23667400 41733             org.sikuli.script.RunTime$1$1::accept (116 bytes)
Event: 11240.524 Thread 0x23667400 nmethod 41733 0x01e31688 code [0x01e31840, 0x01e31d74]

GC Heap History (10 events):
Event: 11146.944 GC heap before
{Heap before GC invocations=1270 (full 59):
 def new generation   total 101376K, used 98313K [0x03c00000, 0x0a9f0000, 0x0e2a0000)
  eden space 90176K, 100% used [0x03c00000, 0x09410000, 0x09410000)
  from space 11200K,  72% used [0x09410000, 0x09c025a8, 0x09f00000)
  to   space 11200K,   0% used [0x09f00000, 0x09f00000, 0x0a9f0000)
 tenured generation   total 225072K, used 215054K [0x0e2a0000, 0x1be6c000, 0x23000000)
   the space 225072K,  95% used [0x0e2a0000, 0x1b4a38d0, 0x1b4a3a00, 0x1be6c000)
 Metaspace       used 32763K, capacity 38775K, committed 38784K, reserved 39296K
Event: 11146.952 GC heap after
Heap after GC invocations=1271 (full 59):
 def new generation   total 101376K, used 8144K [0x03c00000, 0x0a9f0000, 0x0e2a0000)
  eden space 90176K,   0% used [0x03c00000, 0x03c00000, 0x09410000)
  from space 11200K,  72% used [0x09f00000, 0x0a6f4340, 0x0a9f0000)
  to   space 11200K,   0% used [0x09410000, 0x09410000, 0x09f00000)
 tenured generation   total 225072K, used 223183K [0x0e2a0000, 0x1be6c000, 0x23000000)
   the space 225072K,  99% used [0x0e2a0000, 0x1bc93c28, 0x1bc93e00, 0x1be6c000)
 Metaspace       used 32763K, capacity 38775K, committed 38784K, reserved 39296K
}
Event: 11149.072 GC heap before
{Heap before GC invocations=1271 (full 59):
 def new generation   total 101376K, used 91464K [0x03c00000, 0x0a9f0000, 0x0e2a0000)
  eden space 90176K,  92% used [0x03c00000, 0x08d5dff0, 0x09410000)
  from space 11200K,  72% used [0x09f00000, 0x0a6f4340, 0x0a9f0000)
  to   space 11200K,   0% used [0x09410000, 0x09410000, 0x09f00000)
 tenured generation   total 225072K, used 223183K [0x0e2a0000, 0x1be6c000, 0x23000000)
   the space 225072K,  99% used [0x0e2a0000, 0x1bc93c28, 0x1bc93e00, 0x1be6c000)
 Metaspace       used 32763K, capacity 38775K, committed 38784K, reserved 39296K
Event: 11149.077 GC heap after
Heap after GC invocations=1272 (full 59):
 def new generation   total 101376K, used 8135K [0x03c00000, 0x0a9f0000, 0x0e2a0000)
  eden space 90176K,   0% used [0x03c00000, 0x03c00000, 0x09410000)
  from space 11200K,  72% used [0x09410000, 0x09c01f50, 0x09f00000)
  to   space 11200K,   0% used [0x09f00000, 0x09f00000, 0x0a9f0000)
 tenured generation   total 225072K, used 223216K [0x0e2a0000, 0x1be6c000, 0x23000000)
   the space 225072K,  99% used [0x0e2a0000, 0x1bc9c258, 0x1bc9c400, 0x1be6c000)
 Metaspace       used 32763K, capacity 38775K, committed 38784K, reserved 39296K
}
Event: 11165.818 GC heap before
{Heap before GC invocations=1272 (full 59):
 def new generation   total 101376K, used 97628K [0x03c00000, 0x0a9f0000, 0x0e2a0000)
  eden space 90176K,  99% used [0x03c00000, 0x09365248, 0x09410000)
  from space 11200K,  72% used [0x09410000, 0x09c01f50, 0x09f00000)
  to   space 11200K,   0% used [0x09f00000, 0x09f00000, 0x0a9f0000)
 tenured generation   total 225072K, used 223216K [0x0e2a0000, 0x1be6c000, 0x23000000)
   the space 225072K,  99% used [0x0e2a0000, 0x1bc9c258, 0x1bc9c400, 0x1be6c000)
 Metaspace       used 32763K, capacity 38775K, committed 38784K, reserved 39296K
Event: 11165.823 GC heap after
Heap after GC invocations=1273 (full 59):
 def new generation   total 101376K, used 8165K [0x03c00000, 0x0a9f0000, 0x0e2a0000)
  eden space 90176K,   0% used [0x03c00000, 0x03c00000, 0x09410000)
  from space 11200K,  72% used [0x09f00000, 0x0a6f9470, 0x0a9f0000)
  to   space 11200K,   0% used [0x09410000, 0x09410000, 0x09f00000)
 tenured generation   total 225072K, used 223242K [0x0e2a0000, 0x1be6c000, 0x23000000)
   the space 225072K,  99% used [0x0e2a0000, 0x1bca2bf8, 0x1bca2c00, 0x1be6c000)
 Metaspace       used 32763K, capacity 38775K, committed 38784K, reserved 39296K
}
Event: 11178.932 GC heap before
{Heap before GC invocations=1273 (full 59):
 def new generation   total 101376K, used 91748K [0x03c00000, 0x0a9f0000, 0x0e2a0000)
  eden space 90176K,  92% used [0x03c00000, 0x08d9ff68, 0x09410000)
  from space 11200K,  72% used [0x09f00000, 0x0a6f9470, 0x0a9f0000)
  to   space 11200K,   0% used [0x09410000, 0x09410000, 0x09f00000)
 tenured generation   total 225072K, used 223242K [0x0e2a0000, 0x1be6c000, 0x23000000)
   the space 225072K,  99% used [0x0e2a0000, 0x1bca2bf8, 0x1bca2c00, 0x1be6c000)
 Metaspace       used 32763K, capacity 38775K, committed 38784K, reserved 39296K
Event: 11178.938 GC heap after
Heap after GC invocations=1274 (full 59):
 def new generation   total 101376K, used 8146K [0x03c00000, 0x0a9f0000, 0x0e2a0000)
  eden space 90176K,   0% used [0x03c00000, 0x03c00000, 0x09410000)
  from space 11200K,  72% used [0x09410000, 0x09c04980, 0x09f00000)
  to   space 11200K,   0% used [0x09f00000, 0x09f00000, 0x0a9f0000)
 tenured generation   total 225072K, used 223294K [0x0e2a0000, 0x1be6c000, 0x23000000)
   the space 225072K,  99% used [0x0e2a0000, 0x1bcafb80, 0x1bcafc00, 0x1be6c000)
 Metaspace       used 32763K, capacity 38775K, committed 38784K, reserved 39296K
}
Event: 11234.513 GC heap before
{Heap before GC invocations=1274 (full 59):
 def new generation   total 101376K, used 98322K [0x03c00000, 0x0a9f0000, 0x0e2a0000)
  eden space 90176K, 100% used [0x03c00000, 0x09410000, 0x09410000)
  from space 11200K,  72% used [0x09410000, 0x09c04980, 0x09f00000)
  to   space 11200K,   0% used [0x09f00000, 0x09f00000, 0x0a9f0000)
 tenured generation   total 225072K, used 223294K [0x0e2a0000, 0x1be6c000, 0x23000000)
   the space 225072K,  99% used [0x0e2a0000, 0x1bcafb80, 0x1bcafc00, 0x1be6c000)
 Metaspace       used 32781K, capacity 38805K, committed 38912K, reserved 39296K
Event: 11234.520 GC heap after
Heap after GC invocations=1275 (full 59):
 def new generation   total 101376K, used 8660K [0x03c00000, 0x0a9f0000, 0x0e2a0000)
  eden space 90176K,   0% used [0x03c00000, 0x03c00000, 0x09410000)
  from space 11200K,  77% used [0x09f00000, 0x0a7750a0, 0x0a9f0000)
  to   space 11200K,   0% used [0x09410000, 0x09410000, 0x09f00000)
 tenured generation   total 225072K, used 223328K [0x0e2a0000, 0x1be6c000, 0x23000000)
   the space 225072K,  99% used [0x0e2a0000, 0x1bcb83a0, 0x1bcb8400, 0x1be6c000)
 Metaspace       used 32781K, capacity 38805K, committed 38912K, reserved 39296K
}

Deoptimization events (0 events):
No events

Internal exceptions (10 events):
Event: 10951.109 Thread 0x0148c000 Exception <a 'java/net/BindException': Address already in use: bind> (0x0800f4c0) thrown at [C:\workspace\8-2-build-windows-i586-cygwin\jdk8u121\8372\hotspot\src\share\vm\prims\jni.cpp, line 735]
Event: 10951.111 Thread 0x0148c000 Exception <a 'java/net/BindException': Address already in use: bind> (0x0801ead0) thrown at [C:\workspace\8-2-build-windows-i586-cygwin\jdk8u121\8372\hotspot\src\share\vm\prims\jni.cpp, line 735]
Event: 10951.113 Thread 0x0148c000 Exception <a 'java/net/BindException': Address already in use: bind> (0x0802e0e0) thrown at [C:\workspace\8-2-build-windows-i586-cygwin\jdk8u121\8372\hotspot\src\share\vm\prims\jni.cpp, line 735]
Event: 10951.114 Thread 0x0148c000 Exception <a 'java/net/BindException': Address already in use: bind> (0x0803d6f0) thrown at [C:\workspace\8-2-build-windows-i586-cygwin\jdk8u121\8372\hotspot\src\share\vm\prims\jni.cpp, line 735]
Event: 10951.116 Thread 0x0148c000 Exception <a 'java/net/BindException': Address already in use: bind> (0x0804cd00) thrown at [C:\workspace\8-2-build-windows-i586-cygwin\jdk8u121\8372\hotspot\src\share\vm\prims\jni.cpp, line 735]
Event: 10951.118 Thread 0x0148c000 Exception <a 'java/net/BindException': Address already in use: bind> (0x0805c310) thrown at [C:\workspace\8-2-build-windows-i586-cygwin\jdk8u121\8372\hotspot\src\share\vm\prims\jni.cpp, line 735]
Event: 10951.119 Thread 0x0148c000 Exception <a 'java/net/BindException': Address already in use: bind> (0x0806b920) thrown at [C:\workspace\8-2-build-windows-i586-cygwin\jdk8u121\8372\hotspot\src\share\vm\prims\jni.cpp, line 735]
Event: 10951.121 Thread 0x0148c000 Exception <a 'java/net/BindException': Address already in use: bind> (0x0807af30) thrown at [C:\workspace\8-2-build-windows-i586-cygwin\jdk8u121\8372\hotspot\src\share\vm\prims\jni.cpp, line 735]
Event: 10951.123 Thread 0x0148c000 Exception <a 'java/net/BindException': Address already in use: bind> (0x0808a540) thrown at [C:\workspace\8-2-build-windows-i586-cygwin\jdk8u121\8372\hotspot\src\share\vm\prims\jni.cpp, line 735]
Event: 11234.499 Thread 0x0148c000 Exception <a 'java/net/ConnectException': Connection refused: no further information> (0x0919b140) thrown at [C:\workspace\8-2-build-windows-i586-cygwin\jdk8u121\8372\hotspot\src\share\vm\prims\jni.cpp, line 735]

Events (10 events):
Event: 11238.363 Thread 0x23667400 flushing nmethod 0x0218fcc8
Event: 11239.151 Executing VM operation: RevokeBias
Event: 11239.152 Executing VM operation: RevokeBias done
Event: 11239.152 Thread 0x25ec1000 Thread exited: 0x25ec1000
Event: 11239.511 Thread 0x23667400 flushing nmethod 0x01cdd9c8
Event: 11239.511 Thread 0x23667400 flushing nmethod 0x01d5b948
Event: 11239.815 Thread 0x23667400 flushing nmethod 0x01d6c808
Event: 11239.816 Thread 0x23667400 flushing nmethod 0x0207c008
Event: 11240.867 Thread 0x25ebf400 Thread exited: 0x25ebf400
Event: 11240.869 Executing VM operation: Exit


Dynamic libraries:
0x00400000 - 0x004ac000 	c:\jruby-9.1.8.0\bin\jruby.exe
0x77330000 - 0x77472000 	C:\windows\SYSTEM32\ntdll.dll
0x770d0000 - 0x771a5000 	C:\windows\system32\kernel32.dll
0x754c0000 - 0x7550b000 	C:\windows\system32\KERNELBASE.dll
0x759d0000 - 0x75a71000 	C:\windows\system32\ADVAPI32.DLL
0x75570000 - 0x7561c000 	C:\windows\system32\msvcrt.dll
0x75930000 - 0x75949000 	C:\windows\SYSTEM32\sechost.dll
0x76920000 - 0x769c2000 	C:\windows\system32\RPCRT4.dll
0x76aa0000 - 0x76b69000 	C:\windows\system32\USER32.dll
0x77080000 - 0x770ce000 	C:\windows\system32\GDI32.dll
0x76910000 - 0x7691a000 	C:\windows\system32\LPK.dll
0x774e0000 - 0x7757d000 	C:\windows\system32\USP10.dll
0x77480000 - 0x7749f000 	C:\windows\system32\IMM32.DLL
0x769d0000 - 0x76a9c000 	C:\windows\system32\MSCTF.dll
0x002f0000 - 0x002fb000 	C:\Users\lpvx1486\Downloads\ansi160\x86\ANSI32.dll
0x684c0000 - 0x6857d000 	c:\jruby-9.1.8.0\bin\jruby.dll
0x774a0000 - 0x774d5000 	C:\windows\system32\WS2_32.dll
0x756d0000 - 0x756d6000 	C:\windows\system32\NSI.dll
0x55430000 - 0x557fe000 	c:\program files\java\jre1.8.0_121\bin\client\jvm.dll
0x69de0000 - 0x69de7000 	C:\windows\system32\WSOCK32.dll
0x71af0000 - 0x71b22000 	C:\windows\system32\WINMM.dll
0x72b60000 - 0x72b69000 	C:\windows\system32\VERSION.dll
0x75620000 - 0x75625000 	C:\windows\system32\PSAPI.DLL
0x55b10000 - 0x55bcf000 	c:\program files\java\jre1.8.0_121\bin\MSVCR100.dll
0x70d80000 - 0x70d8c000 	c:\program files\java\jre1.8.0_121\bin\verify.dll
0x6a850000 - 0x6a871000 	c:\program files\java\jre1.8.0_121\bin\java.dll
0x6a810000 - 0x6a823000 	c:\program files\java\jre1.8.0_121\bin\zip.dll
0x75a80000 - 0x766cc000 	C:\windows\system32\SHELL32.dll
0x76b70000 - 0x76bc7000 	C:\windows\system32\SHLWAPI.dll
0x757d0000 - 0x7592d000 	C:\windows\system32\ole32.dll
0x75250000 - 0x7525b000 	C:\windows\system32\profapi.dll
0x74c50000 - 0x74c66000 	C:\windows\system32\CRYPTSP.dll
0x749e0000 - 0x74a1b000 	C:\windows\system32\rsaenh.dll
0x752a0000 - 0x752b7000 	C:\windows\system32\USERENV.dll
0x75160000 - 0x7516c000 	C:\windows\system32\CRYPTBASE.dll
0x6a7d0000 - 0x6a7e6000 	C:\Program Files\Java\jre1.8.0_121\bin\net.dll
0x74c10000 - 0x74c4c000 	C:\windows\system32\mswsock.dll
0x74c00000 - 0x74c06000 	C:\windows\System32\wship6.dll
0x71ac0000 - 0x71adc000 	C:\windows\system32\IPHLPAPI.DLL
0x71ab0000 - 0x71ab7000 	C:\windows\system32\WINNSI.DLL
0x71740000 - 0x7174d000 	C:\windows\system32\dhcpcsvc6.DLL
0x71720000 - 0x71732000 	C:\windows\system32\dhcpcsvc.DLL
0x70d70000 - 0x70d7f000 	C:\Program Files\Java\jre1.8.0_121\bin\nio.dll
0x6e4c0000 - 0x6e4db000 	C:\jruby-9.1.8.0\lib\jni\i386-Windows\jffi-1.2.dll
0x559c0000 - 0x55b06000 	C:\Program Files\Java\jre1.8.0_121\bin\awt.dll
0x75630000 - 0x756c1000 	C:\windows\system32\OLEAUT32.dll
0x72140000 - 0x72153000 	C:\windows\system32\DWMAPI.DLL
0x5bc50000 - 0x5bd18000 	C:\windows\system32\opengl32.dll
0x60980000 - 0x609a2000 	C:\windows\system32\GLU32.dll
0x558d0000 - 0x559b7000 	C:\windows\system32\DDRAW.dll
0x6a800000 - 0x6a806000 	C:\windows\system32\DCIMAN32.dll
0x76c30000 - 0x76dcd000 	C:\windows\system32\SETUPAPI.dll
0x753f0000 - 0x75417000 	C:\windows\system32\CFGMGR32.dll
0x75280000 - 0x75292000 	C:\windows\system32\DEVOBJ.dll
0x70900000 - 0x70984000 	C:\windows\WinSxS\x86_microsoft.windows.common-controls_6595b64144ccf1df_5.82.7601.18837_none_ec86b8d6858ec0bc\COMCTL32.dll
0x5d340000 - 0x5d368000 	C:\Users\lpvx1486\AppData\Local\Temp\BridJExtractedLibraries2926759821626280961\bridj.dll
0x65640000 - 0x656aa000 	C:\Users\lpvx1486\AppData\Roaming\Sikulix\SikulixLibs_201510051707\VisionProxy.dll
0x6cec0000 - 0x6cedb000 	C:\Users\lpvx1486\AppData\Roaming\Sikulix\SikulixLibs_201510051707\libgcc_s_sjlj-1.dll
0x64940000 - 0x64954000 	C:\Users\lpvx1486\AppData\Roaming\Sikulix\SikulixLibs_201510051707\libwinpthread-1.dll
0x6fc40000 - 0x6fd13000 	C:\Users\lpvx1486\AppData\Roaming\Sikulix\SikulixLibs_201510051707\libstdc++-6.dll
0x631c0000 - 0x6328e000 	C:\Users\lpvx1486\AppData\Roaming\Sikulix\SikulixLibs_201510051707\libopencv_highgui248.dll
0x6fd80000 - 0x6ff9e000 	C:\Users\lpvx1486\AppData\Roaming\Sikulix\SikulixLibs_201510051707\libopencv_core248.dll
0x65d80000 - 0x65ff2000 	C:\Users\lpvx1486\AppData\Roaming\Sikulix\SikulixLibs_201510051707\libopencv_imgproc248.dll
0x68a00000 - 0x68d30000 	C:\Users\lpvx1486\AppData\Roaming\Sikulix\SikulixLibs_201510051707\libtesseract-3.dll
0x6ef80000 - 0x6f111000 	C:\Users\lpvx1486\AppData\Roaming\Sikulix\SikulixLibs_201510051707\liblept-3.dll
0x61a00000 - 0x61a2d000 	C:\Users\lpvx1486\AppData\Roaming\Sikulix\SikulixLibs_201510051707\libpng14-14.dll
0x65500000 - 0x65521000 	C:\Users\lpvx1486\AppData\Roaming\Sikulix\SikulixLibs_201510051707\libz-1.dll
0x03bf0000 - 0x03bfc000 	C:\Users\lpvx1486\AppData\Roaming\Sikulix\SikulixLibs_201510051707\WinUtil.dll
0x668c0000 - 0x668c6000 	c:\program files\java\jre1.8.0_121\bin\jawt.dll
0x63d20000 - 0x63d40000 	C:\Program Files\Java\jre1.8.0_121\bin\sunec.dll
0x72bf0000 - 0x72bf5000 	C:\windows\System32\wshtcpip.dll
0x74ad0000 - 0x74b14000 	C:\windows\system32\DNSAPI.dll
0x692b0000 - 0x692b6000 	C:\windows\system32\rasadhlp.dll
0x71800000 - 0x71838000 	C:\windows\System32\fwpuclnt.dll
0x75110000 - 0x7515c000 	C:\windows\system32\apphelp.dll
0x64600000 - 0x646eb000 	C:\windows\system32\dbghelp.dll

VM Arguments:
jvm_args: -Djdk.home=c:\program files\java\jre1.8.0_121 -Djruby.home=c:\jruby-9.1.8.0 -Djruby.script=jruby -Djruby.shell=cmd.exe -Djffi.boot.library.path=c:\jruby-9.1.8.0\lib\jni;c:\jruby-9.1.8.0\lib\jni\i386-Windows;c:\jruby-9.1.8.0\lib\jni\x86_64-Windows -Xmx500m -Xss2048k -Xbootclasspath/a:c:\jruby-9.1.8.0\lib\jruby.jar 
java_command: org.jruby.Main
java_class_path (initial): <not set>
Launcher Type: generic

Environment Variables:
JAVA_HOME=c:\program files\java\jre1.8.0_121
PATH=C:\Users\lpvx1486\AppData\Roaming\Sikulix\SikulixLibs_201510051707;C:\ProgramData\Oracle\Java\javapath;C:\windows\system32;C:\windows;C:\windows\System32\Wbem;C:\windows\System32\WindowsPowerShell\v1.0\;C:\windows\System32\WindowsPowerShell\v1.0\;C:\Program Files\Novell\ZENworks\bin;C:\PROGRA~1\CMWeb\bin;C:\windows\System32\WindowsPowerShell\v1.0\;c:\jruby-9.1.8.0\bin;C:\Users\lpvx1486\AppData\Local\atom\bin
USERNAME=lpvx1486
OS=Windows_NT
PROCESSOR_IDENTIFIER=x86 Family 6 Model 42 Stepping 7, GenuineIntel



---------------  S Y S T E M  ---------------

OS: Windows 7 Build 7601 (6.1.7601.23775)

CPU:total 4 (4 cores per cpu, 1 threads per core) family 6 model 42 stepping 7, cmov, cx8, fxsr, mmx, sse, sse2, sse3, ssse3, sse4.1, sse4.2, popcnt, avx, aes, clmul, tsc, tscinvbit

Memory: 4k page, physical 3319764k(1267848k free), swap 6637812k(3487492k free)

vm_info: Java HotSpot(TM) Client VM (25.121-b13) for windows-x86 JRE (1.8.0_121-b13), built on Dec 12 2016 18:17:00 by "java_re" with MS VC++ 10.0 (VS2010)

time: Fri Sep 01 09:10:11 2017
elapsed time: 11241 seconds (0d 3h 7m 21s)

