#
# A fatal error has been detected by the Java Runtime Environment:
#
#  EXCEPTION_ACCESS_VIOLATION (0xc0000005) at pc=0x64944283, pid=12904, tid=0x0000118c
#
# JRE version: Java(TM) SE Runtime Environment (8.0_121-b13) (build 1.8.0_121-b13)
# Java VM: Java HotSpot(TM) Client VM (25.121-b13 mixed mode windows-x86 )
# Problematic frame:
# C  [libwinpthread-1.dll+0x4283]
#
# Failed to write core dump. Minidumps are not enabled by default on client versions of Windows
#
# If you would like to submit a bug report, please visit:
#   http://bugreport.java.com/bugreport/crash.jsp
#

---------------  T H R E A D  ---------------

Current thread (0x23729800):  VMThread [stack: 0x23910000,0x23b10000] [id=4492]

siginfo: ExceptionCode=0xc0000005, reading address 0x00000034

Registers:
EAX=0x00000016, EBX=0x00000034, ECX=0x00000001, EDX=0x6494a018
ESP=0x23b0fa34, EBP=0x23b0fa4c, ESI=0x00000034, EDI=0x0000046b
EIP=0x64944283, EFLAGS=0x00010202

Top of Stack: (sp=0x23b0fa34)
0x23b0fa34:   77a7d883 77a6554c 77a8266f 23b0fac0
0x23b0fa44:   008c9270 00000000 23b0fa7c 649454a3
0x23b0fa54:   00000034 287e0010 23b0fa84 77a44e80
0x23b0fa64:   ffffffff 23b0fa80 00000000 23b0fac0
0x23b0fa74:   008c9270 00000001 23b0fb3c 6ced0744
0x23b0fa84:   00000001 00000089 00040000 01bc0009
0x23b0fa94:   000012cb 00683488 008c9270 6fcb389b
0x23b0faa4:   23b0fac0 77a728d0 00683900 00746388 

Instructions: (pc=0x64944283)
0x64944263:   94 64 31 c0 8d 65 f4 5b 5e 5f 5d c3 90 55 b8 16
0x64944273:   00 00 00 89 e5 53 83 ec 14 8b 5d 08 85 db 74 30
0x64944283:   8b 13 85 d2 74 2a 89 d8 e8 10 ff ff ff 85 c0 78
0x64944293:   1f 8b 1b 8d 43 08 89 04 24 ff 15 94 f1 94 64 83 


Register to memory mapping:

EAX=
[error occurred during error reporting (printing register info), id 0xc0000005]

Stack: [0x23910000,0x23b10000],  sp=0x23b0fa34,  free space=2046k
Native frames: (J=compiled Java code, j=interpreted, Vv=VM code, C=native code)
C  [libwinpthread-1.dll+0x4283]
C  [libwinpthread-1.dll+0x54a3]
C  [libgcc_s_sjlj-1.dll+0x10744]
C  [WinUtil.dll+0x139d]
C  [WinUtil.dll+0x1443]
C  [ntdll.dll+0x5df4a]
C  [ntdll.dll+0x5dfe5]
C  [kernel32.dll+0x5bdf7]
C  [MSVCR100.dll+0x27997]
C  [MSVCR100.dll+0x27ab0]
C  [MSVCR100.dll+0x27b1d]
V  [jvm.dll+0x159492]
V  [jvm.dll+0x1830ad]
V  [jvm.dll+0x182511]
V  [jvm.dll+0x182927]
V  [jvm.dll+0x182b22]
V  [jvm.dll+0x1c2ae6]
C  [MSVCR100.dll+0x5c556]
C  [MSVCR100.dll+0x5c600]
C  [kernel32.dll+0x4ef1c]
C  [ntdll.dll+0x63648]
C  [ntdll.dll+0x6361b]

VM_Operation (0x0022e6d0): Exit, mode: safepoint, requested by thread 0x0180c000


---------------  P R O C E S S  ---------------

Java Threads: ( => current thread )
  0x24dfa400 JavaThread "AWT-Shutdown" [_thread_blocked, id=12416, stack(0x29640000,0x29840000)]
  0x24df9000 JavaThread "Ruby-0-JIT-26" daemon [_thread_blocked, id=16784, stack(0x26870000,0x26a70000)]
  0x25c9fc00 JavaThread "JRubyWorker-4" daemon [_thread_blocked, id=13932, stack(0x2a540000,0x2a740000)]
  0x25d10c00 JavaThread "JRubyWorker-3" daemon [_thread_blocked, id=7488, stack(0x29f40000,0x2a140000)]
  0x25e93800 JavaThread "JRubyWorker-2" daemon [_thread_blocked, id=8624, stack(0x2a140000,0x2a340000)]
  0x24c79800 JavaThread "JRubyWorker-1" daemon [_thread_blocked, id=10944, stack(0x29d40000,0x29f40000)]
  0x26d61800 JavaThread "ReferenceReaper" daemon [_thread_blocked, id=6544, stack(0x28a30000,0x28c30000)]
  0x26d74000 JavaThread "Java2D Disposer" daemon [_thread_blocked, id=2760, stack(0x27e40000,0x28040000)]
  0x23787000 JavaThread "Service Thread" daemon [_thread_blocked, id=17508, stack(0x245d0000,0x247d0000)]
  0x23767400 JavaThread "C1 CompilerThread0" daemon [_thread_blocked, id=21316, stack(0x243d0000,0x245d0000)]
  0x23766400 JavaThread "Attach Listener" daemon [_thread_blocked, id=3636, stack(0x241d0000,0x243d0000)]
  0x2376b800 JavaThread "Signal Dispatcher" daemon [_thread_blocked, id=16420, stack(0x23fd0000,0x241d0000)]
  0x23755c00 JavaThread "Finalizer" daemon [_thread_blocked, id=1528, stack(0x23d10000,0x23f10000)]
  0x2372f400 JavaThread "Reference Handler" daemon [_thread_blocked, id=9784, stack(0x23b10000,0x23d10000)]
  0x0180c000 JavaThread "main" [_thread_blocked, id=16648, stack(0x00030000,0x00230000)]

Other Threads:
=>0x23729800 VMThread [stack: 0x23910000,0x23b10000] [id=4492]

VM state:at safepoint (shutting down)

VM Mutex/Monitor currently owned by a thread:  ([mutex/lock_event])
[0x0180a2e8] Threads_lock - owner thread: 0x23729800

Heap:
 def new generation   total 92224K, used 70371K [0x03e00000, 0x0a210000, 0x0e4a0000)
  eden space 81984K,  74% used [0x03e00000, 0x079fc390, 0x08e10000)
  from space 10240K,  87% used [0x09810000, 0x0a0cc8d8, 0x0a210000)
  to   space 10240K,   0% used [0x08e10000, 0x08e10000, 0x09810000)
 tenured generation   total 204860K, used 163817K [0x0e4a0000, 0x1acaf000, 0x23200000)
   the space 204860K,  79% used [0x0e4a0000, 0x1849a648, 0x1849a800, 0x1acaf000)
 Metaspace       used 32572K, capacity 38329K, committed 38400K, reserved 39296K

Card table byte_map: [0x03c60000,0x03d60000] byte_map_base: 0x03c41000

Polling page: 0x005c0000

CodeCache: size=32768Kb used=4519Kb max_used=8207Kb free=28248Kb
 bounds [0x01be0000, 0x023e8000, 0x03be0000]
 total_blobs=2515 nmethods=2182 adapters=260
 compilation: enabled

Compilation events (10 events):
Event: 8038.838 Thread 0x23767400 28847             java.lang.String::contains (20 bytes)
Event: 8038.839 Thread 0x23767400 nmethod 28847 0x022516c8 code [0x022517e0, 0x022518e8]
Event: 8038.866 Thread 0x23767400 28848             java.lang.String::indexOf (7 bytes)
Event: 8038.866 Thread 0x23767400 nmethod 28848 0x022514c8 code [0x022515c0, 0x0225165c]
Event: 8038.883 Thread 0x23767400 28849             java.io.WinNTFileSystem::isLetter (30 bytes)
Event: 8038.883 Thread 0x23767400 nmethod 28849 0x02180848 code [0x02180940, 0x02180a00]
Event: 8038.886 Thread 0x23767400 28850             java.util.Arrays::copyOf (19 bytes)
Event: 8038.886 Thread 0x23767400 nmethod 28850 0x02180508 code [0x02180610, 0x0218077c]
Event: 8038.899 Thread 0x23767400 28851             java.io.WinNTFileSystem::prefixLength (91 bytes)
Event: 8038.899 Thread 0x23767400 nmethod 28851 0x0217fd88 code [0x0217fed0, 0x021801e4]

GC Heap History (10 events):
Event: 7931.332 GC heap before
{Heap before GC invocations=1347 (full 83):
 def new generation   total 92224K, used 90085K [0x03e00000, 0x0a210000, 0x0e4a0000)
  eden space 81984K, 100% used [0x03e00000, 0x08e10000, 0x08e10000)
  from space 10240K,  79% used [0x08e10000, 0x095f9718, 0x09810000)
  to   space 10240K,   0% used [0x09810000, 0x09810000, 0x0a210000)
 tenured generation   total 204860K, used 139516K [0x0e4a0000, 0x1acaf000, 0x23200000)
   the space 204860K,  68% used [0x0e4a0000, 0x16cdf1e8, 0x16cdf200, 0x1acaf000)
 Metaspace       used 32475K, capacity 38224K, committed 38272K, reserved 38272K
Event: 7931.337 GC heap after
Heap after GC invocations=1348 (full 83):
 def new generation   total 92224K, used 8101K [0x03e00000, 0x0a210000, 0x0e4a0000)
  eden space 81984K,   0% used [0x03e00000, 0x03e00000, 0x08e10000)
  from space 10240K,  79% used [0x09810000, 0x09ff9718, 0x0a210000)
  to   space 10240K,   0% used [0x08e10000, 0x08e10000, 0x09810000)
 tenured generation   total 204860K, used 147616K [0x0e4a0000, 0x1acaf000, 0x23200000)
   the space 204860K,  72% used [0x0e4a0000, 0x174c8280, 0x174c8400, 0x1acaf000)
 Metaspace       used 32475K, capacity 38224K, committed 38272K, reserved 38272K
}
Event: 7932.121 GC heap before
{Heap before GC invocations=1348 (full 83):
 def new generation   total 92224K, used 90085K [0x03e00000, 0x0a210000, 0x0e4a0000)
  eden space 81984K, 100% used [0x03e00000, 0x08e10000, 0x08e10000)
  from space 10240K,  79% used [0x09810000, 0x09ff9718, 0x0a210000)
  to   space 10240K,   0% used [0x08e10000, 0x08e10000, 0x09810000)
 tenured generation   total 204860K, used 147616K [0x0e4a0000, 0x1acaf000, 0x23200000)
   the space 204860K,  72% used [0x0e4a0000, 0x174c8280, 0x174c8400, 0x1acaf000)
 Metaspace       used 32475K, capacity 38224K, committed 38272K, reserved 38272K
Event: 7932.127 GC heap after
Heap after GC invocations=1349 (full 83):
 def new generation   total 92224K, used 8101K [0x03e00000, 0x0a210000, 0x0e4a0000)
  eden space 81984K,   0% used [0x03e00000, 0x03e00000, 0x08e10000)
  from space 10240K,  79% used [0x08e10000, 0x095f9718, 0x09810000)
  to   space 10240K,   0% used [0x09810000, 0x09810000, 0x0a210000)
 tenured generation   total 204860K, used 155716K [0x0e4a0000, 0x1acaf000, 0x23200000)
   the space 204860K,  76% used [0x0e4a0000, 0x17cb1318, 0x17cb1400, 0x1acaf000)
 Metaspace       used 32475K, capacity 38224K, committed 38272K, reserved 38272K
}
Event: 7932.903 GC heap before
{Heap before GC invocations=1349 (full 83):
 def new generation   total 92224K, used 90085K [0x03e00000, 0x0a210000, 0x0e4a0000)
  eden space 81984K, 100% used [0x03e00000, 0x08e10000, 0x08e10000)
  from space 10240K,  79% used [0x08e10000, 0x095f9718, 0x09810000)
  to   space 10240K,   0% used [0x09810000, 0x09810000, 0x0a210000)
 tenured generation   total 204860K, used 155716K [0x0e4a0000, 0x1acaf000, 0x23200000)
   the space 204860K,  76% used [0x0e4a0000, 0x17cb1318, 0x17cb1400, 0x1acaf000)
 Metaspace       used 32475K, capacity 38224K, committed 38272K, reserved 38272K
Event: 7932.908 GC heap after
Heap after GC invocations=1350 (full 83):
 def new generation   total 92224K, used 8101K [0x03e00000, 0x0a210000, 0x0e4a0000)
  eden space 81984K,   0% used [0x03e00000, 0x03e00000, 0x08e10000)
  from space 10240K,  79% used [0x09810000, 0x09ff9718, 0x0a210000)
  to   space 10240K,   0% used [0x08e10000, 0x08e10000, 0x09810000)
 tenured generation   total 204860K, used 163816K [0x0e4a0000, 0x1acaf000, 0x23200000)
   the space 204860K,  79% used [0x0e4a0000, 0x1849a3b0, 0x1849a400, 0x1acaf000)
 Metaspace       used 32475K, capacity 38224K, committed 38272K, reserved 38272K
}
Event: 7978.238 GC heap before
{Heap before GC invocations=1350 (full 83):
 def new generation   total 92224K, used 90085K [0x03e00000, 0x0a210000, 0x0e4a0000)
  eden space 81984K, 100% used [0x03e00000, 0x08e10000, 0x08e10000)
  from space 10240K,  79% used [0x09810000, 0x09ff9718, 0x0a210000)
  to   space 10240K,   0% used [0x08e10000, 0x08e10000, 0x09810000)
 tenured generation   total 204860K, used 163816K [0x0e4a0000, 0x1acaf000, 0x23200000)
   the space 204860K,  79% used [0x0e4a0000, 0x1849a3b0, 0x1849a400, 0x1acaf000)
 Metaspace       used 32509K, capacity 38249K, committed 38272K, reserved 38272K
Event: 7978.241 GC heap after
Heap after GC invocations=1351 (full 83):
 def new generation   total 92224K, used 1003K [0x03e00000, 0x0a210000, 0x0e4a0000)
  eden space 81984K,   0% used [0x03e00000, 0x03e00000, 0x08e10000)
  from space 10240K,   9% used [0x08e10000, 0x08f0ae90, 0x09810000)
  to   space 10240K,   0% used [0x09810000, 0x09810000, 0x0a210000)
 tenured generation   total 204860K, used 163817K [0x0e4a0000, 0x1acaf000, 0x23200000)
   the space 204860K,  79% used [0x0e4a0000, 0x1849a648, 0x1849a800, 0x1acaf000)
 Metaspace       used 32509K, capacity 38249K, committed 38272K, reserved 38272K
}
Event: 8024.493 GC heap before
{Heap before GC invocations=1351 (full 83):
 def new generation   total 92224K, used 82987K [0x03e00000, 0x0a210000, 0x0e4a0000)
  eden space 81984K, 100% used [0x03e00000, 0x08e10000, 0x08e10000)
  from space 10240K,   9% used [0x08e10000, 0x08f0ae90, 0x09810000)
  to   space 10240K,   0% used [0x09810000, 0x09810000, 0x0a210000)
 tenured generation   total 204860K, used 163817K [0x0e4a0000, 0x1acaf000, 0x23200000)
   the space 204860K,  79% used [0x0e4a0000, 0x1849a648, 0x1849a800, 0x1acaf000)
 Metaspace       used 32509K, capacity 38249K, committed 38272K, reserved 38272K
Event: 8024.499 GC heap after
Heap after GC invocations=1352 (full 83):
 def new generation   total 92224K, used 8946K [0x03e00000, 0x0a210000, 0x0e4a0000)
  eden space 81984K,   0% used [0x03e00000, 0x03e00000, 0x08e10000)
  from space 10240K,  87% used [0x09810000, 0x0a0cc8d8, 0x0a210000)
  to   space 10240K,   0% used [0x08e10000, 0x08e10000, 0x09810000)
 tenured generation   total 204860K, used 163817K [0x0e4a0000, 0x1acaf000, 0x23200000)
   the space 204860K,  79% used [0x0e4a0000, 0x1849a648, 0x1849a800, 0x1acaf000)
 Metaspace       used 32509K, capacity 38249K, committed 38272K, reserved 38272K
}

Deoptimization events (0 events):
No events

Internal exceptions (10 events):
Event: 7018.331 Thread 0x0180c000 Exception <a 'java/net/BindException': Address already in use: bind> (0x06333168) thrown at [C:\workspace\8-2-build-windows-i586-cygwin\jdk8u121\8372\hotspot\src\share\vm\prims\jni.cpp, line 735]
Event: 7325.208 Thread 0x0180c000 Exception <a 'java/net/ConnectException': Connection refused: no further information> (0x03f96da8) thrown at [C:\workspace\8-2-build-windows-i586-cygwin\jdk8u121\8372\hotspot\src\share\vm\prims\jni.cpp, line 735]
Event: 7325.342 Thread 0x0180c000 Exception <a 'java/net/BindException': Address already in use: bind> (0x04882468) thrown at [C:\workspace\8-2-build-windows-i586-cygwin\jdk8u121\8372\hotspot\src\share\vm\prims\jni.cpp, line 735]
Event: 7325.344 Thread 0x0180c000 Exception <a 'java/net/BindException': Address already in use: bind> (0x04891fe8) thrown at [C:\workspace\8-2-build-windows-i586-cygwin\jdk8u121\8372\hotspot\src\share\vm\prims\jni.cpp, line 735]
Event: 7646.598 Thread 0x0180c000 Exception <a 'java/net/ConnectException': Connection refused: no further information> (0x07bf0410) thrown at [C:\workspace\8-2-build-windows-i586-cygwin\jdk8u121\8372\hotspot\src\share\vm\prims\jni.cpp, line 735]
Event: 7646.707 Thread 0x0180c000 Exception <a 'java/net/BindException': Address already in use: bind> (0x087ab968) thrown at [C:\workspace\8-2-build-windows-i586-cygwin\jdk8u121\8372\hotspot\src\share\vm\prims\jni.cpp, line 735]
Event: 7646.709 Thread 0x0180c000 Exception <a 'java/net/BindException': Address already in use: bind> (0x087bb330) thrown at [C:\workspace\8-2-build-windows-i586-cygwin\jdk8u121\8372\hotspot\src\share\vm\prims\jni.cpp, line 735]
Event: 7967.871 Thread 0x0180c000 Exception <a 'java/net/ConnectException': Connection refused: no further information> (0x07d74038) thrown at [C:\workspace\8-2-build-windows-i586-cygwin\jdk8u121\8372\hotspot\src\share\vm\prims\jni.cpp, line 735]
Event: 7968.005 Thread 0x0180c000 Exception <a 'java/net/BindException': Address already in use: bind> (0x08967dc8) thrown at [C:\workspace\8-2-build-windows-i586-cygwin\jdk8u121\8372\hotspot\src\share\vm\prims\jni.cpp, line 735]
Event: 7968.007 Thread 0x0180c000 Exception <a 'java/net/BindException': Address already in use: bind> (0x08977790) thrown at [C:\workspace\8-2-build-windows-i586-cygwin\jdk8u121\8372\hotspot\src\share\vm\prims\jni.cpp, line 735]

Events (10 events):
Event: 8038.727 Thread 0x23767400 flushing nmethod 0x020828c8
Event: 8038.728 loading class java/lang/ProcessImpl$2
Event: 8038.728 loading class java/lang/ProcessImpl$2 done
Event: 8038.728 loading class java/lang/ProcessBuilder$NullInputStream
Event: 8038.728 loading class java/lang/ProcessBuilder$NullInputStream done
Event: 8038.728 Thread 0x24df9400 Thread exited: 0x24df9400
Event: 8038.807 Thread 0x24df8800 Thread exited: 0x24df8800
Event: 8038.815 Thread 0x23767400 flushing nmethod 0x02206d88
Event: 8038.931 Thread 0x24dfb400 Thread exited: 0x24dfb400
Event: 8038.932 Executing VM operation: Exit


Dynamic libraries:
0x00400000 - 0x004ac000 	c:\jruby-9.1.8.0\bin\jruby.exe
0x77a20000 - 0x77b62000 	C:\windows\SYSTEM32\ntdll.dll
0x76690000 - 0x76765000 	C:\windows\system32\kernel32.dll
0x75b20000 - 0x75b6b000 	C:\windows\system32\KERNELBASE.dll
0x75f40000 - 0x75fe1000 	C:\windows\system32\ADVAPI32.DLL
0x767a0000 - 0x7684c000 	C:\windows\system32\msvcrt.dll
0x76770000 - 0x76789000 	C:\windows\SYSTEM32\sechost.dll
0x75cc0000 - 0x75d62000 	C:\windows\system32\RPCRT4.dll
0x75dd0000 - 0x75e99000 	C:\windows\system32\USER32.dll
0x76d80000 - 0x76dce000 	C:\windows\system32\GDI32.dll
0x77ba0000 - 0x77baa000 	C:\windows\system32\LPK.dll
0x76150000 - 0x761ed000 	C:\windows\system32\USP10.dll
0x77b70000 - 0x77b8f000 	C:\windows\system32\IMM32.DLL
0x75ff0000 - 0x760bc000 	C:\windows\system32\MSCTF.dll
0x003c0000 - 0x003cb000 	c:\Users\jl856526\Downloads\x86\ANSI32.dll
0x684c0000 - 0x6857d000 	c:\jruby-9.1.8.0\bin\jruby.dll
0x75f00000 - 0x75f35000 	C:\windows\system32\WS2_32.dll
0x76850000 - 0x76856000 	C:\windows\system32\NSI.dll
0x6c3e0000 - 0x6c7ae000 	c:\Program Files\Java\jre1.8.0_121\bin\client\jvm.dll
0x6bda0000 - 0x6bda7000 	C:\windows\system32\WSOCK32.dll
0x721b0000 - 0x721e2000 	C:\windows\system32\WINMM.dll
0x732b0000 - 0x732b9000 	C:\windows\system32\VERSION.dll
0x77b90000 - 0x77b95000 	C:\windows\system32\PSAPI.DLL
0x5ee80000 - 0x5ef3f000 	c:\Program Files\Java\jre1.8.0_121\bin\MSVCR100.dll
0x69b90000 - 0x69b9c000 	c:\Program Files\Java\jre1.8.0_121\bin\verify.dll
0x66660000 - 0x66681000 	c:\Program Files\Java\jre1.8.0_121\bin\java.dll
0x68e70000 - 0x68e83000 	c:\Program Files\Java\jre1.8.0_121\bin\zip.dll
0x76dd0000 - 0x77a1c000 	C:\windows\system32\SHELL32.dll
0x75ea0000 - 0x75ef7000 	C:\windows\system32\SHLWAPI.dll
0x76860000 - 0x769bd000 	C:\windows\system32\ole32.dll
0x75990000 - 0x7599b000 	C:\windows\system32\profapi.dll
0x75480000 - 0x75496000 	C:\windows\system32\CRYPTSP.dll
0x75100000 - 0x7513b000 	C:\windows\system32\rsaenh.dll
0x75b00000 - 0x75b17000 	C:\windows\system32\USERENV.dll
0x758b0000 - 0x758bc000 	C:\windows\system32\CRYPTBASE.dll
0x68150000 - 0x68166000 	C:\Program Files\Java\jre1.8.0_121\bin\net.dll
0x75440000 - 0x7547c000 	C:\windows\system32\mswsock.dll
0x75400000 - 0x75406000 	C:\windows\System32\wship6.dll
0x71dd0000 - 0x71dec000 	C:\windows\system32\IPHLPAPI.DLL
0x71dc0000 - 0x71dc7000 	C:\windows\system32\WINNSI.DLL
0x71bc0000 - 0x71bcd000 	C:\windows\system32\dhcpcsvc6.DLL
0x71c20000 - 0x71c32000 	C:\windows\system32\dhcpcsvc.DLL
0x728a0000 - 0x728af000 	C:\Program Files\Java\jre1.8.0_121\bin\nio.dll
0x6e4c0000 - 0x6e4db000 	C:\jruby-9.1.8.0\lib\jni\i386-Windows\jffi-1.2.dll
0x5eb80000 - 0x5ecc6000 	C:\Program Files\Java\jre1.8.0_121\bin\awt.dll
0x77bb0000 - 0x77c3f000 	C:\windows\system32\OLEAUT32.dll
0x72c60000 - 0x72c73000 	C:\windows\system32\DWMAPI.DLL
0x61510000 - 0x615d8000 	C:\windows\system32\opengl32.dll
0x625d0000 - 0x625f2000 	C:\windows\system32\GLU32.dll
0x61140000 - 0x61227000 	C:\windows\system32\DDRAW.dll
0x625c0000 - 0x625c6000 	C:\windows\system32\DCIMAN32.dll
0x76a10000 - 0x76bad000 	C:\windows\system32\SETUPAPI.dll
0x75a90000 - 0x75ab7000 	C:\windows\system32\CFGMGR32.dll
0x75a40000 - 0x75a52000 	C:\windows\system32\DEVOBJ.dll
0x6dec0000 - 0x6df44000 	C:\windows\WinSxS\x86_microsoft.windows.common-controls_6595b64144ccf1df_5.82.7601.18837_none_ec86b8d6858ec0bc\COMCTL32.dll
0x66600000 - 0x66628000 	C:\Users\jl856526\AppData\Local\Temp\BridJExtractedLibraries8452034912495772860\bridj.dll
0x65640000 - 0x656aa000 	C:\Users\jl856526\AppData\Roaming\Sikulix\SikulixLibs_201510051707\VisionProxy.dll
0x6cec0000 - 0x6cedb000 	C:\Users\jl856526\AppData\Roaming\Sikulix\SikulixLibs_201510051707\libgcc_s_sjlj-1.dll
0x64940000 - 0x64954000 	C:\Users\jl856526\AppData\Roaming\Sikulix\SikulixLibs_201510051707\libwinpthread-1.dll
0x6fc40000 - 0x6fd13000 	C:\Users\jl856526\AppData\Roaming\Sikulix\SikulixLibs_201510051707\libstdc++-6.dll
0x631c0000 - 0x6328e000 	C:\Users\jl856526\AppData\Roaming\Sikulix\SikulixLibs_201510051707\libopencv_highgui248.dll
0x6fd80000 - 0x6ff9e000 	C:\Users\jl856526\AppData\Roaming\Sikulix\SikulixLibs_201510051707\libopencv_core248.dll
0x65d80000 - 0x65ff2000 	C:\Users\jl856526\AppData\Roaming\Sikulix\SikulixLibs_201510051707\libopencv_imgproc248.dll
0x68a00000 - 0x68d30000 	C:\Users\jl856526\AppData\Roaming\Sikulix\SikulixLibs_201510051707\libtesseract-3.dll
0x6ef80000 - 0x6f111000 	C:\Users\jl856526\AppData\Roaming\Sikulix\SikulixLibs_201510051707\liblept-3.dll
0x61a00000 - 0x61a2d000 	C:\Users\jl856526\AppData\Roaming\Sikulix\SikulixLibs_201510051707\libpng14-14.dll
0x65500000 - 0x65521000 	C:\Users\jl856526\AppData\Roaming\Sikulix\SikulixLibs_201510051707\libz-1.dll
0x00740000 - 0x0074c000 	C:\Users\jl856526\AppData\Roaming\Sikulix\SikulixLibs_201510051707\WinUtil.dll
0x68e60000 - 0x68e66000 	c:\Program Files\Java\jre1.8.0_121\bin\jawt.dll
0x665e0000 - 0x66600000 	C:\Program Files\Java\jre1.8.0_121\bin\sunec.dll
0x73340000 - 0x73345000 	C:\windows\System32\wshtcpip.dll
0x75190000 - 0x751d4000 	C:\windows\system32\DNSAPI.dll
0x6acf0000 - 0x6acf6000 	C:\windows\system32\rasadhlp.dll
0x71c40000 - 0x71c78000 	C:\windows\System32\fwpuclnt.dll
0x75860000 - 0x758ac000 	C:\windows\system32\apphelp.dll
0x75a80000 - 0x75a85000 	C:\windows\system32\api-ms-win-downlevel-advapi32-l1-1-0.dll
0x6bcb0000 - 0x6bd9b000 	C:\windows\system32\dbghelp.dll

VM Arguments:
jvm_args: -Djdk.home=c:\Program Files\Java\jre1.8.0_121 -Djruby.home=c:\jruby-9.1.8.0 -Djruby.script=jruby -Djruby.shell=cmd.exe -Djffi.boot.library.path=c:\jruby-9.1.8.0\lib\jni;c:\jruby-9.1.8.0\lib\jni\i386-Windows;c:\jruby-9.1.8.0\lib\jni\x86_64-Windows -Xmx500m -Xss2048k -Xbootclasspath/a:c:\jruby-9.1.8.0\lib\jruby.jar 
java_command: org.jruby.Main
java_class_path (initial): <not set>
Launcher Type: generic

Environment Variables:
JAVA_HOME=c:\Program Files\Java\jre1.8.0_121
PATH=C:\Users\jl856526\AppData\Roaming\Sikulix\SikulixLibs_201510051707;C:\ProgramData\Oracle\Java\javapath;C:\windows\system32;C:\windows;C:\windows\System32\Wbem;C:\windows\System32\WindowsPowerShell\v1.0\;C:\windows\System32\WindowsPowerShell\v1.0\;C:\Program Files\Novell\ZENworks\bin;C:\PROGRA~1\CMWeb\bin;C:\Program Files\Sennheiser\SoftphoneSDK\;c:\jruby-9.1.8.0\bin;C:\Ruby23\bin;C:\Users\jl856526\AppData\Local\atom\bin
USERNAME=jl856526
OS=Windows_NT
PROCESSOR_IDENTIFIER=x86 Family 6 Model 94 Stepping 3, GenuineIntel



---------------  S Y S T E M  ---------------

OS: Windows 7 Build 7601 (6.1.7601.23392)

CPU:total 4 (4 cores per cpu, 1 threads per core) family 6 model 94 stepping 3, cmov, cx8, fxsr, mmx, sse, sse2, sse3, ssse3, sse4.1, sse4.2, popcnt, avx, avx2, aes, clmul, erms, rtm, 3dnowpref, lzcnt, tsc, tscinvbit, bmi1, bmi2, adx

Memory: 4k page, physical 3031648k(706436k free), swap 6061580k(2169124k free)

vm_info: Java HotSpot(TM) Client VM (25.121-b13) for windows-x86 JRE (1.8.0_121-b13), built on Dec 12 2016 18:17:00 by "java_re" with MS VC++ 10.0 (VS2010)

time: Fri Apr 07 12:46:25 2017
elapsed time: 8038 seconds (0d 2h 13m 58s)

